{
"contracts\\Factory.sol":{"l":{"10":1,"12":1,"20":1,"28":1,"32":1,"33":1},"path":"D:\\Projects\\lottery-nft\\contracts\\Factory.sol","s":{"1":1,"2":1,"3":1,"4":1,"5":1,"6":1},"b":{},"f":{"1":1,"2":1,"3":1},"fnMap":{"1":{"name":"deploy","line":9,"loc":{"start":{"line":9,"column":4},"end":{"line":13,"column":4}}},"2":{"name":"getAddress","line":15,"loc":{"start":{"line":15,"column":4},"end":{"line":29,"column":4}}},"3":{"name":"getBytecode","line":31,"loc":{"start":{"line":31,"column":4},"end":{"line":34,"column":4}}}},"statementMap":{"1":{"start":{"line":10,"column":8},"end":{"line":10,"column":64}},"2":{"start":{"line":12,"column":8},"end":{"line":12,"column":53}},"3":{"start":{"line":20,"column":8},"end":{"line":20,"column":487}},"4":{"start":{"line":28,"column":8},"end":{"line":28,"column":43}},"5":{"start":{"line":32,"column":6},"end":{"line":32,"column":54}},"6":{"start":{"line":33,"column":6},"end":{"line":33,"column":39}}},"branchMap":{}},
"contracts\\LotteryNft.sol":{"l":{"23":1,"24":1,"25":1,"26":1,"30":4,"31":4,"32":4,"33":4,"36":4,"37":4,"38":4,"40":4,"41":4,"43":4,"47":2,"51":3,"55":1,"59":2,"63":3,"64":2,"65":1,"66":1,"67":1},"path":"D:\\Projects\\lottery-nft\\contracts\\LotteryNft.sol","s":{"1":1,"2":1,"3":4,"4":4,"5":4,"6":4,"7":4,"8":4,"9":4,"10":4,"11":4,"12":4,"13":2,"14":3,"15":1,"16":2,"17":3,"18":2,"19":1,"20":1},"b":{"1":[1,0],"2":[4,0],"3":[4,0],"4":[4,0],"5":[4,0],"6":[3,0],"7":[2,1],"8":[1,1]},"f":{"1":1,"2":4,"3":2,"4":3,"5":1,"6":2,"7":3},"fnMap":{"1":{"name":"initialize","line":22,"loc":{"start":{"line":22,"column":4},"end":{"line":27,"column":4}}},"2":{"name":"buyTicket","line":29,"loc":{"start":{"line":29,"column":4},"end":{"line":44,"column":4}}},"3":{"name":"getTokensCounter","line":46,"loc":{"start":{"line":46,"column":4},"end":{"line":48,"column":4}}},"4":{"name":"getBalance","line":50,"loc":{"start":{"line":50,"column":4},"end":{"line":52,"column":4}}},"5":{"name":"getPlayers","line":54,"loc":{"start":{"line":54,"column":4},"end":{"line":56,"column":4}}},"6":{"name":"getRandomNumber","line":58,"loc":{"start":{"line":58,"column":4},"end":{"line":60,"column":4}}},"7":{"name":"pickWinner","line":62,"loc":{"start":{"line":62,"column":4},"end":{"line":68,"column":4}}}},"statementMap":{"1":{"start":{"line":23,"column":8},"end":{"line":23,"column":42}},"2":{"start":{"line":24,"column":8},"end":{"line":24,"column":23}},"3":{"start":{"line":30,"column":8},"end":{"line":30,"column":82}},"4":{"start":{"line":31,"column":8},"end":{"line":31,"column":42}},"5":{"start":{"line":32,"column":8},"end":{"line":32,"column":84}},"6":{"start":{"line":33,"column":8},"end":{"line":33,"column":71}},"7":{"start":{"line":36,"column":8},"end":{"line":36,"column":40}},"8":{"start":{"line":37,"column":8},"end":{"line":37,"column":28}},"9":{"start":{"line":38,"column":8},"end":{"line":38,"column":47}},"10":{"start":{"line":40,"column":8},"end":{"line":40,"column":39}},"11":{"start":{"line":41,"column":8},"end":{"line":41,"column":40}},"12":{"start":{"line":43,"column":8},"end":{"line":43,"column":24}},"13":{"start":{"line":47,"column":8},"end":{"line":47,"column":34}},"14":{"start":{"line":51,"column":8},"end":{"line":51,"column":36}},"15":{"start":{"line":55,"column":8},"end":{"line":55,"column":22}},"16":{"start":{"line":59,"column":8},"end":{"line":59,"column":74}},"17":{"start":{"line":63,"column":8},"end":{"line":63,"column":90}},"18":{"start":{"line":64,"column":8},"end":{"line":64,"column":42}},"19":{"start":{"line":65,"column":8},"end":{"line":65,"column":55}},"20":{"start":{"line":66,"column":8},"end":{"line":66,"column":53}}},"branchMap":{"1":{"line":22,"type":"if","locations":[{"start":{"line":22,"column":69},"end":{"line":22,"column":69}},{"start":{"line":22,"column":69},"end":{"line":22,"column":69}}]},"2":{"line":30,"type":"if","locations":[{"start":{"line":30,"column":8},"end":{"line":30,"column":8}},{"start":{"line":30,"column":8},"end":{"line":30,"column":8}}]},"3":{"line":31,"type":"if","locations":[{"start":{"line":31,"column":8},"end":{"line":31,"column":8}},{"start":{"line":31,"column":8},"end":{"line":31,"column":8}}]},"4":{"line":32,"type":"if","locations":[{"start":{"line":32,"column":8},"end":{"line":32,"column":8}},{"start":{"line":32,"column":8},"end":{"line":32,"column":8}}]},"5":{"line":33,"type":"if","locations":[{"start":{"line":33,"column":8},"end":{"line":33,"column":8}},{"start":{"line":33,"column":8},"end":{"line":33,"column":8}}]},"6":{"line":62,"type":"if","locations":[{"start":{"line":62,"column":33},"end":{"line":62,"column":33}},{"start":{"line":62,"column":33},"end":{"line":62,"column":33}}]},"7":{"line":63,"type":"if","locations":[{"start":{"line":63,"column":8},"end":{"line":63,"column":8}},{"start":{"line":63,"column":8},"end":{"line":63,"column":8}}]},"8":{"line":64,"type":"if","locations":[{"start":{"line":64,"column":8},"end":{"line":64,"column":8}},{"start":{"line":64,"column":8},"end":{"line":64,"column":8}}]}}},
"contracts\\LotteryNftV2.sol":{"l":{"17":2,"18":1,"19":1,"20":1,"21":1},"path":"D:\\Projects\\lottery-nft\\contracts\\LotteryNftV2.sol","s":{"1":2,"2":1,"3":1,"4":1},"b":{"1":[2,0],"2":[1,1],"3":[1,0]},"f":{"1":2},"fnMap":{"1":{"name":"pickSurpriseWinner","line":16,"loc":{"start":{"line":16,"column":4},"end":{"line":22,"column":4}}}},"statementMap":{"1":{"start":{"line":17,"column":8},"end":{"line":17,"column":77}},"2":{"start":{"line":18,"column":8},"end":{"line":18,"column":42}},"3":{"start":{"line":19,"column":8},"end":{"line":19,"column":55}},"4":{"start":{"line":20,"column":8},"end":{"line":20,"column":57}}},"branchMap":{"1":{"line":16,"type":"if","locations":[{"start":{"line":16,"column":41},"end":{"line":16,"column":41}},{"start":{"line":16,"column":41},"end":{"line":16,"column":41}}]},"2":{"line":17,"type":"if","locations":[{"start":{"line":17,"column":8},"end":{"line":17,"column":8}},{"start":{"line":17,"column":8},"end":{"line":17,"column":8}}]},"3":{"line":18,"type":"if","locations":[{"start":{"line":18,"column":8},"end":{"line":18,"column":8}},{"start":{"line":18,"column":8},"end":{"line":18,"column":8}}]}}},
"contracts\\Proxy.sol":{"l":{"12":22,"13":22,"19":2,"20":2,"26":0,"27":0,"33":0,"34":0,"40":16,"41":16},"path":"D:\\Projects\\lottery-nft\\contracts\\Proxy.sol","s":{"1":22,"2":2,"3":0,"4":0,"5":16},"b":{},"f":{"1":22,"2":2,"3":0,"4":0,"5":16},"fnMap":{"1":{"name":"getImplementationAddress","line":11,"loc":{"start":{"line":11,"column":4},"end":{"line":16,"column":4}}},"2":{"name":"setImplementationAddress","line":18,"loc":{"start":{"line":18,"column":4},"end":{"line":23,"column":4}}},"3":{"name":"getOwnerAddress","line":25,"loc":{"start":{"line":25,"column":4},"end":{"line":30,"column":4}}},"4":{"name":"setOwnerAddress","line":32,"loc":{"start":{"line":32,"column":4},"end":{"line":37,"column":4}}},"5":{"name":null,"line":39,"loc":{"start":{"line":39,"column":4},"end":{"line":61,"column":4}}}},"statementMap":{"1":{"start":{"line":12,"column":8},"end":{"line":12,"column":64}},"2":{"start":{"line":19,"column":8},"end":{"line":19,"column":64}},"3":{"start":{"line":26,"column":8},"end":{"line":26,"column":46}},"4":{"start":{"line":33,"column":8},"end":{"line":33,"column":46}},"5":{"start":{"line":40,"column":8},"end":{"line":40,"column":59}}},"branchMap":{}}}
