TN:
SF:D:\Projects\lottery-nft\contracts\Factory.sol
FN:9,deploy
FN:15,getAddress
FN:31,getBytecode
FNF:3
FNH:3
FNDA:1,deploy
FNDA:1,getAddress
FNDA:1,getBytecode
DA:10,1
DA:12,1
DA:20,1
DA:28,1
DA:32,1
DA:33,1
LF:6
LH:6
BRF:0
BRH:0
end_of_record
TN:
SF:D:\Projects\lottery-nft\contracts\LotteryNft.sol
FN:22,initialize
FN:29,buyTicket
FN:46,getTokensCounter
FN:50,getBalance
FN:54,getPlayers
FN:58,getRandomNumber
FN:62,pickWinner
FNF:7
FNH:7
FNDA:1,initialize
FNDA:4,buyTicket
FNDA:2,getTokensCounter
FNDA:3,getBalance
FNDA:1,getPlayers
FNDA:2,getRandomNumber
FNDA:3,pickWinner
DA:23,1
DA:24,1
DA:25,1
DA:26,1
DA:30,4
DA:31,4
DA:32,4
DA:33,4
DA:36,4
DA:37,4
DA:38,4
DA:40,4
DA:41,4
DA:43,4
DA:47,2
DA:51,3
DA:55,1
DA:59,2
DA:63,3
DA:64,2
DA:65,1
DA:66,1
DA:67,1
LF:23
LH:23
BRDA:22,1,0,1
BRDA:22,1,1,0
BRDA:30,2,0,4
BRDA:30,2,1,0
BRDA:31,3,0,4
BRDA:31,3,1,0
BRDA:32,4,0,4
BRDA:32,4,1,0
BRDA:33,5,0,4
BRDA:33,5,1,0
BRDA:62,6,0,3
BRDA:62,6,1,0
BRDA:63,7,0,2
BRDA:63,7,1,1
BRDA:64,8,0,1
BRDA:64,8,1,1
BRF:16
BRH:10
end_of_record
TN:
SF:D:\Projects\lottery-nft\contracts\LotteryNftV2.sol
FN:16,pickSurpriseWinner
FNF:1
FNH:1
FNDA:2,pickSurpriseWinner
DA:17,2
DA:18,1
DA:19,1
DA:20,1
DA:21,1
LF:5
LH:5
BRDA:16,1,0,2
BRDA:16,1,1,0
BRDA:17,2,0,1
BRDA:17,2,1,1
BRDA:18,3,0,1
BRDA:18,3,1,0
BRF:6
BRH:4
end_of_record
TN:
SF:D:\Projects\lottery-nft\contracts\Proxy.sol
FN:11,getImplementationAddress
FN:18,setImplementationAddress
FN:25,getOwnerAddress
FN:32,setOwnerAddress
FN:39,
FNF:5
FNH:3
FNDA:22,getImplementationAddress
FNDA:2,setImplementationAddress
FNDA:0,getOwnerAddress
FNDA:0,setOwnerAddress
FNDA:16,
DA:12,22
DA:13,22
DA:19,2
DA:20,2
DA:26,0
DA:27,0
DA:33,0
DA:34,0
DA:40,16
DA:41,16
LF:10
LH:6
BRF:0
BRH:0
end_of_record
